Using pre-set license
Built from '2020.2/staging' branch; Version is '2020.2.5f1 (e2c53f129de5) revision 14861631'; Using compiler version '192528614'; Build Type 'Release'
OS: 'Windows 10 Pro; OS build 19041.985; Version 2004; 64bit' Language: 'ru' Physical Memory: 8058 MB
BatchMode: 1, IsHumanControllingUs: 0, StartBugReporterOnCrash: 0, Is64bit: 1, IsPro: 0

 COMMAND LINE ARGUMENTS:
C:\Program Files\Unity\Hub\Editor\2020.2.5f1\Editor\Unity.exe
-adb2
-batchMode
-noUpm
-name
AssetImportWorker0
-projectPath
E:/unity/Boy_Run
-logFile
Logs/AssetImportWorker0.log
-srvPort
57196
Successfully changed project path to: E:/unity/Boy_Run
E:/unity/Boy_Run
Using Asset Import Pipeline V2.
Refreshing native plugins compatible for Editor in 57.20 ms, found 1 plugins.
Preloading 0 native plugins for Editor in 0.00 ms.
Initialize engine version: 2020.2.5f1 (e2c53f129de5)
[Subsystems] Discovering subsystems at path C:/Program Files/Unity/Hub/Editor/2020.2.5f1/Editor/Data/Resources/UnitySubsystems
[Subsystems] Discovering subsystems at path E:/unity/Boy_Run/Assets
GfxDevice: creating device client; threaded=0
Direct3D:
    Version:  Direct3D 11.0 [level 11.0]
    Renderer: NVIDIA GeForce GT 630M (ID=0x1140)
    Vendor:   
    VRAM:     1999 MB
    Driver:   21.21.13.6909
Initialize mono
Mono path[0] = 'C:/Program Files/Unity/Hub/Editor/2020.2.5f1/Editor/Data/Managed'
Mono path[1] = 'C:/Program Files/Unity/Hub/Editor/2020.2.5f1/Editor/Data/MonoBleedingEdge/lib/mono/unityjit'
Mono config path = 'C:/Program Files/Unity/Hub/Editor/2020.2.5f1/Editor/Data/MonoBleedingEdge/etc'
Using monoOptions --debugger-agent=transport=dt_socket,embedding=1,server=y,suspend=n,address=127.0.0.1:56636
Begin MonoManager ReloadAssembly
Registering precompiled unity dll's ...
Register platform support module: C:/Program Files/Unity/Hub/Editor/2020.2.5f1/Editor/Data/PlaybackEngines/MacStandaloneSupport/UnityEditor.OSXStandalone.Extensions.dll
Register platform support module: C:/Program Files/Unity/Hub/Editor/2020.2.5f1/Editor/Data/PlaybackEngines/WindowsStandaloneSupport/UnityEditor.WindowsStandalone.Extensions.dll
Registered in 0.003555 seconds.
Native extension for WindowsStandalone target not found
Native extension for OSXStandalone target not found
Refreshing native plugins compatible for Editor in 57.66 ms, found 1 plugins.
Preloading 0 native plugins for Editor in 0.00 ms.
Invoked RoslynAnalysisRunner static constructor.
RoslynAnalysisRunner will not be running.
RoslynAnalysisRunner has terminated.
Mono: successfully reloaded assembly
- Completed reload, in  3.056 seconds
Platform modules already initialized, skipping
Registering precompiled user dll's ...
Registered in 0.001105 seconds.
Begin MonoManager ReloadAssembly
Native extension for WindowsStandalone target not found
Native extension for OSXStandalone target not found
Refreshing native plugins compatible for Editor in 58.19 ms, found 1 plugins.
Preloading 0 native plugins for Editor in 0.00 ms.
Invoked RoslynAnalysisRunner static constructor.
RoslynAnalysisRunner will not be running.
RoslynAnalysisRunner has terminated.
Mono: successfully reloaded assembly
- Completed reload, in  1.475 seconds
Platform modules already initialized, skipping
========================================================================
Worker process is ready to serve import requests
Launched and connected shader compiler UnityShaderCompiler.exe after 0.07 seconds
Refreshing native plugins compatible for Editor in 0.61 ms, found 1 plugins.
Preloading 0 native plugins for Editor in 0.00 ms.
Unloading 1803 Unused Serialized files (Serialized files now loaded: 0)
System memory in use before: 84.9 MB.
System memory in use after: 84.9 MB.

Unloading 24 unused Assets to reduce memory usage. Loaded Objects now: 2247.
Total: 2.745400 ms (FindLiveObjects: 0.357500 ms CreateObjectMapping: 0.133300 ms MarkObjects: 2.065000 ms  DeleteObjects: 0.187500 ms)

========================================================================
Received Import Request.
  path: Assets/Sprites/window_background.png
  artifactKey: Guid(054b05862b1563045bf082ad54f12fb7) Importer(815301076,1909f56bfc062723c751e8b465ee728b)
Start importing Assets/Sprites/window_background.png using Guid(054b05862b1563045bf082ad54f12fb7) Importer(815301076,1909f56bfc062723c751e8b465ee728b)  -> (artifact id: 'a6b8c56046f63ff264cec16e5d459afc') in 0.387003 seconds
  Import took 0.399096 seconds .

========================================================================
Received Import Request.
  Time since last request: 10.130343 seconds.
  path: Assets/Sprites/window_foreground.png
  artifactKey: Guid(00be675f51e8a644caa0bb8b034a1e11) Importer(815301076,1909f56bfc062723c751e8b465ee728b)
Start importing Assets/Sprites/window_foreground.png using Guid(00be675f51e8a644caa0bb8b034a1e11) Importer(815301076,1909f56bfc062723c751e8b465ee728b)  -> (artifact id: 'c257144fbf9cdd04c7e9caf085fd3f27') in 0.037056 seconds
  Import took 0.042685 seconds .

========================================================================
Received Import Request.
  Time since last request: 0.022316 seconds.
  path: Assets/Sprites/window_foreground.png
  artifactKey: Guid(00be675f51e8a644caa0bb8b034a1e11) Importer(815301076,1909f56bfc062723c751e8b465ee728b)
Start importing Assets/Sprites/window_foreground.png using Guid(00be675f51e8a644caa0bb8b034a1e11) Importer(815301076,1909f56bfc062723c751e8b465ee728b)  -> (artifact id: 'c257144fbf9cdd04c7e9caf085fd3f27') in 0.017594 seconds
  Import took 0.023928 seconds .

========================================================================
Received Import Request.
  Time since last request: 536.316058 seconds.
  path: Assets/Scripts/Parallax.cs
  artifactKey: Guid(f17152a46999cda4a95d9249784366d6) Importer(815301076,1909f56bfc062723c751e8b465ee728b)
Start importing Assets/Scripts/Parallax.cs using Guid(f17152a46999cda4a95d9249784366d6) Importer(815301076,1909f56bfc062723c751e8b465ee728b)  -> (artifact id: '37f03aee002f3fe667a4926287939aaf') in 0.015254 seconds
  Import took 0.021193 seconds .

========================================================================
Received Import Request.
  Time since last request: 0.046711 seconds.
  path: Assets/Scripts/Parallax.cs
  artifactKey: Guid(f17152a46999cda4a95d9249784366d6) Importer(815301076,1909f56bfc062723c751e8b465ee728b)
Start importing Assets/Scripts/Parallax.cs using Guid(f17152a46999cda4a95d9249784366d6) Importer(815301076,1909f56bfc062723c751e8b465ee728b)  -> (artifact id: '37f03aee002f3fe667a4926287939aaf') in 0.008223 seconds
  Import took 0.016599 seconds .

========================================================================
Received Import Request.
  Time since last request: 156.960489 seconds.
  path: Assets/Scripts/Parallax.cs
  artifactKey: Guid(f17152a46999cda4a95d9249784366d6) Importer(815301076,1909f56bfc062723c751e8b465ee728b)
Start importing Assets/Scripts/Parallax.cs using Guid(f17152a46999cda4a95d9249784366d6) Importer(815301076,1909f56bfc062723c751e8b465ee728b)  -> (artifact id: '90c4b771d5d8ad257c6f1120d5a341f9') in 0.012209 seconds
  Import took 0.019412 seconds .

========================================================================
Received Prepare
Registering precompiled user dll's ...
Registered in 0.001055 seconds.
Begin MonoManager ReloadAssembly
Native extension for WindowsStandalone target not found
Native extension for OSXStandalone target not found
Refreshing native plugins compatible for Editor in 0.84 ms, found 1 plugins.
Preloading 0 native plugins for Editor in 0.00 ms.
Invoked RoslynAnalysisRunner static constructor.
RoslynAnalysisRunner will not be running.
RoslynAnalysisRunner has terminated.
Mono: successfully reloaded assembly
- Completed reload, in  1.878 seconds
Platform modules already initialized, skipping
Refreshing native plugins compatible for Editor in 0.87 ms, found 1 plugins.
Preloading 0 native plugins for Editor in 0.00 ms.
Unloading 1798 Unused Serialized files (Serialized files now loaded: 0)
System memory in use before: 84.9 MB.
System memory in use after: 84.9 MB.

Unloading 12 unused Assets to reduce memory usage. Loaded Objects now: 2252.
Total: 3.840000 ms (FindLiveObjects: 0.378500 ms CreateObjectMapping: 0.184000 ms MarkObjects: 3.019200 ms  DeleteObjects: 0.255800 ms)

========================================================================
Received Prepare
Registering precompiled user dll's ...
Registered in 0.001075 seconds.
Begin MonoManager ReloadAssembly
Native extension for WindowsStandalone target not found
Native extension for OSXStandalone target not found
Refreshing native plugins compatible for Editor in 0.47 ms, found 1 plugins.
Preloading 0 native plugins for Editor in 0.00 ms.
Invoked RoslynAnalysisRunner static constructor.
RoslynAnalysisRunner will not be running.
RoslynAnalysisRunner has terminated.
Mono: successfully reloaded assembly
- Completed reload, in  1.447 seconds
Platform modules already initialized, skipping
Refreshing native plugins compatible for Editor in 0.46 ms, found 1 plugins.
Preloading 0 native plugins for Editor in 0.00 ms.
Unloading 1798 Unused Serialized files (Serialized files now loaded: 0)
System memory in use before: 85.0 MB.
System memory in use after: 85.0 MB.

Unloading 12 unused Assets to reduce memory usage. Loaded Objects now: 2255.
Total: 4.175900 ms (FindLiveObjects: 0.293900 ms CreateObjectMapping: 0.089200 ms MarkObjects: 3.624600 ms  DeleteObjects: 0.166000 ms)

========================================================================
Received Prepare
Registering precompiled user dll's ...
Registered in 0.001457 seconds.
Begin MonoManager ReloadAssembly
Native extension for WindowsStandalone target not found
Native extension for OSXStandalone target not found
Refreshing native plugins compatible for Editor in 0.48 ms, found 1 plugins.
Preloading 0 native plugins for Editor in 0.00 ms.
Invoked RoslynAnalysisRunner static constructor.
RoslynAnalysisRunner will not be running.
RoslynAnalysisRunner has terminated.
Mono: successfully reloaded assembly
- Completed reload, in  1.389 seconds
Platform modules already initialized, skipping
Refreshing native plugins compatible for Editor in 0.50 ms, found 1 plugins.
Preloading 0 native plugins for Editor in 0.00 ms.
Unloading 1798 Unused Serialized files (Serialized files now loaded: 0)
System memory in use before: 85.0 MB.
System memory in use after: 85.0 MB.

Unloading 12 unused Assets to reduce memory usage. Loaded Objects now: 2258.
Total: 4.610200 ms (FindLiveObjects: 0.472600 ms CreateObjectMapping: 0.193200 ms MarkObjects: 3.726900 ms  DeleteObjects: 0.214700 ms)

========================================================================
Received Import Request.
  Time since last request: 930.733445 seconds.
  path: Assets/Scenes/SampleScene.unity
  artifactKey: Guid(2cda990e2423bbf4892e6590ba056729) Importer(815301076,1909f56bfc062723c751e8b465ee728b)
Start importing Assets/Scenes/SampleScene.unity using Guid(2cda990e2423bbf4892e6590ba056729) Importer(815301076,1909f56bfc062723c751e8b465ee728b)  -> (artifact id: '8fefbe15e710f9871fd8aae4d6be5f93') in 0.069813 seconds
  Import took 0.076955 seconds .

========================================================================
Received Import Request.
  Time since last request: 61.855061 seconds.
  path: Assets/Prefab/laser.prefab
  artifactKey: Guid(04dcf7b14dc45474eb4e8a6eabdc256d) Importer(815301076,1909f56bfc062723c751e8b465ee728b)
Start importing Assets/Prefab/laser.prefab using Guid(04dcf7b14dc45474eb4e8a6eabdc256d) Importer(815301076,1909f56bfc062723c751e8b465ee728b)  -> (artifact id: '5c56031b413b5ece0ded3dcbca16c1ce') in 0.183255 seconds
  Import took 0.188829 seconds .

========================================================================
Received Import Request.
  Time since last request: 119.209933 seconds.
  path: Assets/Prefab/laser.prefab
  artifactKey: Guid(04dcf7b14dc45474eb4e8a6eabdc256d) Importer(815301076,1909f56bfc062723c751e8b465ee728b)
Start importing Assets/Prefab/laser.prefab using Guid(04dcf7b14dc45474eb4e8a6eabdc256d) Importer(815301076,1909f56bfc062723c751e8b465ee728b)  -> (artifact id: 'bd145e943678ad9ff35686cd47df5359') in 0.026465 seconds
  Import took 0.034910 seconds .

========================================================================
Received Import Request.
  Time since last request: 0.008088 seconds.
  path: Assets/Prefab/laser.prefab
  artifactKey: Guid(04dcf7b14dc45474eb4e8a6eabdc256d) Importer(815301076,1909f56bfc062723c751e8b465ee728b)
Start importing Assets/Prefab/laser.prefab using Guid(04dcf7b14dc45474eb4e8a6eabdc256d) Importer(815301076,1909f56bfc062723c751e8b465ee728b)  -> (artifact id: 'bd145e943678ad9ff35686cd47df5359') in 0.023691 seconds
  Import took 0.030789 seconds .

========================================================================
Received Import Request.
  Time since last request: 47.956443 seconds.
  path: Assets/Prefab/laser.prefab
  artifactKey: Guid(04dcf7b14dc45474eb4e8a6eabdc256d) Importer(815301076,1909f56bfc062723c751e8b465ee728b)
Start importing Assets/Prefab/laser.prefab using Guid(04dcf7b14dc45474eb4e8a6eabdc256d) Importer(815301076,1909f56bfc062723c751e8b465ee728b)  -> (artifact id: '6f376d53e4c80086d2d47e6cd6772273') in 0.023089 seconds
  Import took 0.031372 seconds .

========================================================================
Received Import Request.
  Time since last request: 0.020568 seconds.
  path: Assets/Prefab/laser.prefab
  artifactKey: Guid(04dcf7b14dc45474eb4e8a6eabdc256d) Importer(815301076,1909f56bfc062723c751e8b465ee728b)
Start importing Assets/Prefab/laser.prefab using Guid(04dcf7b14dc45474eb4e8a6eabdc256d) Importer(815301076,1909f56bfc062723c751e8b465ee728b)  -> (artifact id: '6f376d53e4c80086d2d47e6cd6772273') in 0.026766 seconds
  Import took 0.033610 seconds .

========================================================================
Received Prepare
Registering precompiled user dll's ...
Registered in 0.001031 seconds.
Begin MonoManager ReloadAssembly
Native extension for WindowsStandalone target not found
Native extension for OSXStandalone target not found
Refreshing native plugins compatible for Editor in 0.47 ms, found 1 plugins.
Preloading 0 native plugins for Editor in 0.00 ms.
Invoked RoslynAnalysisRunner static constructor.
RoslynAnalysisRunner will not be running.
RoslynAnalysisRunner has terminated.
Mono: successfully reloaded assembly
- Completed reload, in  1.469 seconds
Platform modules already initialized, skipping
Refreshing native plugins compatible for Editor in 0.49 ms, found 1 plugins.
Preloading 0 native plugins for Editor in 0.00 ms.
Unloading 1798 Unused Serialized files (Serialized files now loaded: 0)
System memory in use before: 88.1 MB.
System memory in use after: 88.1 MB.

Unloading 12 unused Assets to reduce memory usage. Loaded Objects now: 2268.
Total: 2.755600 ms (FindLiveObjects: 0.264500 ms CreateObjectMapping: 0.088300 ms MarkObjects: 2.243700 ms  DeleteObjects: 0.156800 ms)

========================================================================
Received Prepare
Registering precompiled user dll's ...
Registered in 0.001065 seconds.
Begin MonoManager ReloadAssembly
Native extension for WindowsStandalone target not found
Native extension for OSXStandalone target not found
Refreshing native plugins compatible for Editor in 0.57 ms, found 1 plugins.
Preloading 0 native plugins for Editor in 0.00 ms.
Invoked RoslynAnalysisRunner static constructor.
RoslynAnalysisRunner will not be running.
RoslynAnalysisRunner has terminated.
Mono: successfully reloaded assembly
- Completed reload, in  1.442 seconds
Platform modules already initialized, skipping
Refreshing native plugins compatible for Editor in 0.46 ms, found 1 plugins.
Preloading 0 native plugins for Editor in 0.00 ms.
Unloading 1798 Unused Serialized files (Serialized files now loaded: 0)
System memory in use before: 88.1 MB.
System memory in use after: 88.1 MB.

Unloading 12 unused Assets to reduce memory usage. Loaded Objects now: 2271.
Total: 3.429500 ms (FindLiveObjects: 0.516200 ms CreateObjectMapping: 0.181200 ms MarkObjects: 2.567200 ms  DeleteObjects: 0.162700 ms)

========================================================================
Received Prepare
Registering precompiled user dll's ...
Registered in 0.001047 seconds.
Begin MonoManager ReloadAssembly
Native extension for WindowsStandalone target not found
Native extension for OSXStandalone target not found
Refreshing native plugins compatible for Editor in 0.59 ms, found 1 plugins.
Preloading 0 native plugins for Editor in 0.00 ms.
Invoked RoslynAnalysisRunner static constructor.
RoslynAnalysisRunner will not be running.
RoslynAnalysisRunner has terminated.
Mono: successfully reloaded assembly
- Completed reload, in  1.515 seconds
Platform modules already initialized, skipping
Refreshing native plugins compatible for Editor in 0.71 ms, found 1 plugins.
Preloading 0 native plugins for Editor in 0.00 ms.
Unloading 1798 Unused Serialized files (Serialized files now loaded: 0)
System memory in use before: 88.1 MB.
System memory in use after: 88.1 MB.

Unloading 12 unused Assets to reduce memory usage. Loaded Objects now: 2274.
Total: 3.834100 ms (FindLiveObjects: 0.351600 ms CreateObjectMapping: 0.348200 ms MarkObjects: 2.968200 ms  DeleteObjects: 0.163400 ms)

========================================================================
Received Prepare
Registering precompiled user dll's ...
Registered in 0.001069 seconds.
Begin MonoManager ReloadAssembly
Native extension for WindowsStandalone target not found
Native extension for OSXStandalone target not found
Refreshing native plugins compatible for Editor in 0.53 ms, found 1 plugins.
Preloading 0 native plugins for Editor in 0.00 ms.
Invoked RoslynAnalysisRunner static constructor.
RoslynAnalysisRunner will not be running.
RoslynAnalysisRunner has terminated.
Mono: successfully reloaded assembly
- Completed reload, in  1.315 seconds
Platform modules already initialized, skipping
Refreshing native plugins compatible for Editor in 0.51 ms, found 1 plugins.
Preloading 0 native plugins for Editor in 0.00 ms.
Unloading 1798 Unused Serialized files (Serialized files now loaded: 0)
System memory in use before: 88.2 MB.
System memory in use after: 88.1 MB.

Unloading 12 unused Assets to reduce memory usage. Loaded Objects now: 2277.
Total: 3.400400 ms (FindLiveObjects: 0.435600 ms CreateObjectMapping: 0.219600 ms MarkObjects: 2.545100 ms  DeleteObjects: 0.176200 ms)

========================================================================
Received Prepare
Registering precompiled user dll's ...
Registered in 0.001233 seconds.
Begin MonoManager ReloadAssembly
Native extension for WindowsStandalone target not found
Native extension for OSXStandalone target not found
Refreshing native plugins compatible for Editor in 0.50 ms, found 1 plugins.
Preloading 0 native plugins for Editor in 0.00 ms.
Invoked RoslynAnalysisRunner static constructor.
RoslynAnalysisRunner will not be running.
RoslynAnalysisRunner has terminated.
Mono: successfully reloaded assembly
- Completed reload, in  1.382 seconds
Platform modules already initialized, skipping
Refreshing native plugins compatible for Editor in 0.54 ms, found 1 plugins.
Preloading 0 native plugins for Editor in 0.00 ms.
Unloading 1798 Unused Serialized files (Serialized files now loaded: 0)
System memory in use before: 88.2 MB.
System memory in use after: 88.2 MB.

Unloading 12 unused Assets to reduce memory usage. Loaded Objects now: 2280.
Total: 2.740800 ms (FindLiveObjects: 0.308800 ms CreateObjectMapping: 0.140100 ms MarkObjects: 2.124400 ms  DeleteObjects: 0.164700 ms)

========================================================================
Received Import Request.
  Time since last request: 727.705670 seconds.
  path: Assets/Prefab/laser.prefab
  artifactKey: Guid(04dcf7b14dc45474eb4e8a6eabdc256d) Importer(815301076,1909f56bfc062723c751e8b465ee728b)
Start importing Assets/Prefab/laser.prefab using Guid(04dcf7b14dc45474eb4e8a6eabdc256d) Importer(815301076,1909f56bfc062723c751e8b465ee728b)  -> (artifact id: '3a4955301a40b0427a4201d171b90274') in 0.103657 seconds
  Import took 0.110593 seconds .

========================================================================
Received Import Request.
  Time since last request: 0.059330 seconds.
  path: Assets/Prefab/laser.prefab
  artifactKey: Guid(04dcf7b14dc45474eb4e8a6eabdc256d) Importer(815301076,1909f56bfc062723c751e8b465ee728b)
Start importing Assets/Prefab/laser.prefab using Guid(04dcf7b14dc45474eb4e8a6eabdc256d) Importer(815301076,1909f56bfc062723c751e8b465ee728b)  -> (artifact id: '3a4955301a40b0427a4201d171b90274') in 0.023219 seconds
  Import took 0.029735 seconds .

========================================================================
Received Prepare
Registering precompiled user dll's ...
Registered in 0.001526 seconds.
Begin MonoManager ReloadAssembly
Native extension for WindowsStandalone target not found
Native extension for OSXStandalone target not found
Refreshing native plugins compatible for Editor in 0.89 ms, found 1 plugins.
Preloading 0 native plugins for Editor in 0.00 ms.
Invoked RoslynAnalysisRunner static constructor.
RoslynAnalysisRunner will not be running.
RoslynAnalysisRunner has terminated.
Mono: successfully reloaded assembly
- Completed reload, in  1.766 seconds
Platform modules already initialized, skipping
Refreshing native plugins compatible for Editor in 0.49 ms, found 1 plugins.
Preloading 0 native plugins for Editor in 0.00 ms.
Unloading 1798 Unused Serialized files (Serialized files now loaded: 0)
System memory in use before: 88.2 MB.
System memory in use after: 88.2 MB.

Unloading 12 unused Assets to reduce memory usage. Loaded Objects now: 2284.
Total: 6.247400 ms (FindLiveObjects: 0.644100 ms CreateObjectMapping: 0.197400 ms MarkObjects: 5.243600 ms  DeleteObjects: 0.159600 ms)

========================================================================
Received Prepare
Registering precompiled user dll's ...
Registered in 0.001073 seconds.
Begin MonoManager ReloadAssembly
Native extension for WindowsStandalone target not found
Native extension for OSXStandalone target not found
Refreshing native plugins compatible for Editor in 0.46 ms, found 1 plugins.
Preloading 0 native plugins for Editor in 0.00 ms.
Invoked RoslynAnalysisRunner static constructor.
RoslynAnalysisRunner will not be running.
RoslynAnalysisRunner has terminated.
Mono: successfully reloaded assembly
- Completed reload, in  1.519 seconds
Platform modules already initialized, skipping
Refreshing native plugins compatible for Editor in 0.49 ms, found 1 plugins.
Preloading 0 native plugins for Editor in 0.00 ms.
Unloading 1798 Unused Serialized files (Serialized files now loaded: 0)
System memory in use before: 88.2 MB.
System memory in use after: 88.2 MB.

Unloading 12 unused Assets to reduce memory usage. Loaded Objects now: 2287.
Total: 2.933800 ms (FindLiveObjects: 0.195700 ms CreateObjectMapping: 0.087600 ms MarkObjects: 2.484400 ms  DeleteObjects: 0.164000 ms)

========================================================================
Received Prepare
Registering precompiled user dll's ...
Registered in 0.001851 seconds.
Begin MonoManager ReloadAssembly
Native extension for WindowsStandalone target not found
Native extension for OSXStandalone target not found
Refreshing native plugins compatible for Editor in 0.56 ms, found 1 plugins.
Preloading 0 native plugins for Editor in 0.00 ms.
Invoked RoslynAnalysisRunner static constructor.
RoslynAnalysisRunner will not be running.
RoslynAnalysisRunner has terminated.
Mono: successfully reloaded assembly
- Completed reload, in  1.311 seconds
Platform modules already initialized, skipping
Refreshing native plugins compatible for Editor in 0.46 ms, found 1 plugins.
Preloading 0 native plugins for Editor in 0.00 ms.
Unloading 1798 Unused Serialized files (Serialized files now loaded: 0)
System memory in use before: 88.2 MB.
System memory in use after: 88.2 MB.

Unloading 12 unused Assets to reduce memory usage. Loaded Objects now: 2290.
Total: 3.018300 ms (FindLiveObjects: 0.539300 ms CreateObjectMapping: 0.190900 ms MarkObjects: 2.117700 ms  DeleteObjects: 0.168500 ms)

========================================================================
Received Import Request.
  Time since last request: 167.176362 seconds.
  path: Assets/Audio/lazer_zap.wav
  artifactKey: Guid(11f2cacb3009c4c8c807b5e528990f50) Importer(815301076,1909f56bfc062723c751e8b465ee728b)
Start importing Assets/Audio/lazer_zap.wav using Guid(11f2cacb3009c4c8c807b5e528990f50) Importer(815301076,1909f56bfc062723c751e8b465ee728b)  -> (artifact id: '68c414b13771f510d33dbac26e4a5fbb') in 0.131182 seconds
  Import took 0.137319 seconds .

========================================================================
Received Prepare
Registering precompiled user dll's ...
Registered in 0.001528 seconds.
Begin MonoManager ReloadAssembly
Native extension for WindowsStandalone target not found
Native extension for OSXStandalone target not found
Refreshing native plugins compatible for Editor in 0.47 ms, found 1 plugins.
Preloading 0 native plugins for Editor in 0.00 ms.
Invoked RoslynAnalysisRunner static constructor.
RoslynAnalysisRunner will not be running.
RoslynAnalysisRunner has terminated.
Mono: successfully reloaded assembly
- Completed reload, in  1.391 seconds
Platform modules already initialized, skipping
Refreshing native plugins compatible for Editor in 0.48 ms, found 1 plugins.
Preloading 0 native plugins for Editor in 0.00 ms.
Unloading 1798 Unused Serialized files (Serialized files now loaded: 0)
System memory in use before: 88.3 MB.
System memory in use after: 88.3 MB.

Unloading 12 unused Assets to reduce memory usage. Loaded Objects now: 2296.
Total: 3.221200 ms (FindLiveObjects: 0.316600 ms CreateObjectMapping: 0.176300 ms MarkObjects: 2.563100 ms  DeleteObjects: 0.163100 ms)

========================================================================
Received Import Request.
  Time since last request: 21.990919 seconds.
  path: Assets/Audio/lazer_zap.wav
  artifactKey: Guid(11f2cacb3009c4c8c807b5e528990f50) Importer(815301076,1909f56bfc062723c751e8b465ee728b)
Start importing Assets/Audio/lazer_zap.wav using Guid(11f2cacb3009c4c8c807b5e528990f50) Importer(815301076,1909f56bfc062723c751e8b465ee728b)  -> (artifact id: '31b4941f31657ba717fe75c542f25fd2') in 0.070891 seconds
  Import took 0.076226 seconds .

========================================================================
Received Prepare
Registering precompiled user dll's ...
Registered in 0.001691 seconds.
Begin MonoManager ReloadAssembly
Native extension for WindowsStandalone target not found
Native extension for OSXStandalone target not found
Refreshing native plugins compatible for Editor in 0.45 ms, found 1 plugins.
Preloading 0 native plugins for Editor in 0.00 ms.
Invoked RoslynAnalysisRunner static constructor.
RoslynAnalysisRunner will not be running.
RoslynAnalysisRunner has terminated.
Mono: successfully reloaded assembly
- Completed reload, in  1.553 seconds
Platform modules already initialized, skipping
Refreshing native plugins compatible for Editor in 0.47 ms, found 1 plugins.
Preloading 0 native plugins for Editor in 0.00 ms.
Unloading 1798 Unused Serialized files (Serialized files now loaded: 0)
System memory in use before: 88.3 MB.
System memory in use after: 88.3 MB.

Unloading 12 unused Assets to reduce memory usage. Loaded Objects now: 2300.
Total: 3.193900 ms (FindLiveObjects: 0.362300 ms CreateObjectMapping: 0.138100 ms MarkObjects: 2.523500 ms  DeleteObjects: 0.168000 ms)

========================================================================
Received Prepare
Registering precompiled user dll's ...
Registered in 0.001076 seconds.
Begin MonoManager ReloadAssembly
Native extension for WindowsStandalone target not found
Native extension for OSXStandalone target not found
Refreshing native plugins compatible for Editor in 0.48 ms, found 1 plugins.
Preloading 0 native plugins for Editor in 0.00 ms.
Invoked RoslynAnalysisRunner static constructor.
RoslynAnalysisRunner will not be running.
RoslynAnalysisRunner has terminated.
Mono: successfully reloaded assembly
- Completed reload, in  1.574 seconds
Platform modules already initialized, skipping
Refreshing native plugins compatible for Editor in 0.47 ms, found 1 plugins.
Preloading 0 native plugins for Editor in 0.00 ms.
Unloading 1798 Unused Serialized files (Serialized files now loaded: 0)
System memory in use before: 88.3 MB.
System memory in use after: 88.3 MB.

Unloading 12 unused Assets to reduce memory usage. Loaded Objects now: 2303.
Total: 2.857300 ms (FindLiveObjects: 0.350500 ms CreateObjectMapping: 0.110600 ms MarkObjects: 2.226900 ms  DeleteObjects: 0.166800 ms)

========================================================================
Received Prepare
Registering precompiled user dll's ...
Registered in 0.001053 seconds.
Begin MonoManager ReloadAssembly
Native extension for WindowsStandalone target not found
Native extension for OSXStandalone target not found
Refreshing native plugins compatible for Editor in 0.47 ms, found 1 plugins.
Preloading 0 native plugins for Editor in 0.00 ms.
Invoked RoslynAnalysisRunner static constructor.
RoslynAnalysisRunner will not be running.
RoslynAnalysisRunner has terminated.
Mono: successfully reloaded assembly
- Completed reload, in  1.472 seconds
Platform modules already initialized, skipping
Refreshing native plugins compatible for Editor in 0.48 ms, found 1 plugins.
Preloading 0 native plugins for Editor in 0.00 ms.
Unloading 1798 Unused Serialized files (Serialized files now loaded: 0)
System memory in use before: 88.3 MB.
System memory in use after: 88.3 MB.

Unloading 12 unused Assets to reduce memory usage. Loaded Objects now: 2306.
Total: 3.966400 ms (FindLiveObjects: 0.256300 ms CreateObjectMapping: 0.148100 ms MarkObjects: 3.379800 ms  DeleteObjects: 0.179700 ms)

========================================================================
Received Prepare
Registering precompiled user dll's ...
Registered in 0.001068 seconds.
Begin MonoManager ReloadAssembly
Native extension for WindowsStandalone target not found
Native extension for OSXStandalone target not found
Refreshing native plugins compatible for Editor in 0.46 ms, found 1 plugins.
Preloading 0 native plugins for Editor in 0.00 ms.
Invoked RoslynAnalysisRunner static constructor.
RoslynAnalysisRunner will not be running.
RoslynAnalysisRunner has terminated.
Mono: successfully reloaded assembly
- Completed reload, in  1.285 seconds
Platform modules already initialized, skipping
Refreshing native plugins compatible for Editor in 0.48 ms, found 1 plugins.
Preloading 0 native plugins for Editor in 0.00 ms.
Unloading 1798 Unused Serialized files (Serialized files now loaded: 0)
System memory in use before: 88.3 MB.
System memory in use after: 88.3 MB.

Unloading 12 unused Assets to reduce memory usage. Loaded Objects now: 2309.
Total: 3.282300 ms (FindLiveObjects: 0.467300 ms CreateObjectMapping: 0.171600 ms MarkObjects: 2.467700 ms  DeleteObjects: 0.173700 ms)

========================================================================
Received Prepare
Registering precompiled user dll's ...
Registered in 0.001193 seconds.
Begin MonoManager ReloadAssembly
Native extension for WindowsStandalone target not found
Native extension for OSXStandalone target not found
Refreshing native plugins compatible for Editor in 0.47 ms, found 1 plugins.
Preloading 0 native plugins for Editor in 0.00 ms.
Invoked RoslynAnalysisRunner static constructor.
RoslynAnalysisRunner will not be running.
RoslynAnalysisRunner has terminated.
Mono: successfully reloaded assembly
- Completed reload, in  1.287 seconds
Platform modules already initialized, skipping
Refreshing native plugins compatible for Editor in 0.47 ms, found 1 plugins.
Preloading 0 native plugins for Editor in 0.00 ms.
Unloading 1798 Unused Serialized files (Serialized files now loaded: 0)
System memory in use before: 88.3 MB.
System memory in use after: 88.3 MB.

Unloading 12 unused Assets to reduce memory usage. Loaded Objects now: 2312.
Total: 3.351900 ms (FindLiveObjects: 0.225800 ms CreateObjectMapping: 0.082500 ms MarkObjects: 2.866800 ms  DeleteObjects: 0.174500 ms)

========================================================================
Received Prepare
Registering precompiled user dll's ...
Registered in 0.001725 seconds.
Begin MonoManager ReloadAssembly
Native extension for WindowsStandalone target not found
Native extension for OSXStandalone target not found
Refreshing native plugins compatible for Editor in 0.46 ms, found 1 plugins.
Preloading 0 native plugins for Editor in 0.00 ms.
Invoked RoslynAnalysisRunner static constructor.
RoslynAnalysisRunner will not be running.
RoslynAnalysisRunner has terminated.
Mono: successfully reloaded assembly
- Completed reload, in  1.443 seconds
Platform modules already initialized, skipping
Refreshing native plugins compatible for Editor in 0.55 ms, found 1 plugins.
Preloading 0 native plugins for Editor in 0.00 ms.
Unloading 1798 Unused Serialized files (Serialized files now loaded: 0)
System memory in use before: 88.3 MB.
System memory in use after: 88.3 MB.

Unloading 12 unused Assets to reduce memory usage. Loaded Objects now: 2315.
Total: 3.372000 ms (FindLiveObjects: 0.438200 ms CreateObjectMapping: 0.143600 ms MarkObjects: 2.612600 ms  DeleteObjects: 0.175200 ms)

========================================================================
Received Prepare
Registering precompiled user dll's ...
Registered in 0.001092 seconds.
Begin MonoManager ReloadAssembly
Native extension for WindowsStandalone target not found
Native extension for OSXStandalone target not found
Refreshing native plugins compatible for Editor in 0.46 ms, found 1 plugins.
Preloading 0 native plugins for Editor in 0.00 ms.
Invoked RoslynAnalysisRunner static constructor.
RoslynAnalysisRunner will not be running.
RoslynAnalysisRunner has terminated.
Mono: successfully reloaded assembly
- Completed reload, in  1.318 seconds
Platform modules already initialized, skipping
Refreshing native plugins compatible for Editor in 0.46 ms, found 1 plugins.
Preloading 0 native plugins for Editor in 0.00 ms.
Unloading 1798 Unused Serialized files (Serialized files now loaded: 0)
System memory in use before: 88.3 MB.
System memory in use after: 88.3 MB.

Unloading 12 unused Assets to reduce memory usage. Loaded Objects now: 2318.
Total: 3.106700 ms (FindLiveObjects: 0.313300 ms CreateObjectMapping: 0.107000 ms MarkObjects: 2.513100 ms  DeleteObjects: 0.171200 ms)

========================================================================
Received Import Request.
  Time since last request: 1823.409208 seconds.
  path: Assets/Scenes/SampleScene.unity
  artifactKey: Guid(2cda990e2423bbf4892e6590ba056729) Importer(815301076,1909f56bfc062723c751e8b465ee728b)
Start importing Assets/Scenes/SampleScene.unity using Guid(2cda990e2423bbf4892e6590ba056729) Importer(815301076,1909f56bfc062723c751e8b465ee728b)  -> (artifact id: '6bb5b1bead06aeb3a27a794df5243869') in 0.025960 seconds
  Import took 0.071445 seconds .

========================================================================
Received Prepare
Registering precompiled user dll's ...
Registered in 0.001380 seconds.
Begin MonoManager ReloadAssembly
Native extension for WindowsStandalone target not found
Native extension for OSXStandalone target not found
Refreshing native plugins compatible for Editor in 0.76 ms, found 1 plugins.
Preloading 0 native plugins for Editor in 0.00 ms.
Invoked RoslynAnalysisRunner static constructor.
RoslynAnalysisRunner will not be running.
RoslynAnalysisRunner has terminated.
Mono: successfully reloaded assembly
- Completed reload, in  1.953 seconds
Platform modules already initialized, skipping
Refreshing native plugins compatible for Editor in 1.04 ms, found 1 plugins.
Preloading 0 native plugins for Editor in 0.00 ms.
Unloading 1798 Unused Serialized files (Serialized files now loaded: 0)
System memory in use before: 88.3 MB.
System memory in use after: 88.3 MB.

Unloading 12 unused Assets to reduce memory usage. Loaded Objects now: 2321.
Total: 3.816600 ms (FindLiveObjects: 0.878700 ms CreateObjectMapping: 0.187800 ms MarkObjects: 2.572500 ms  DeleteObjects: 0.175200 ms)

========================================================================
Received Prepare
Registering precompiled user dll's ...
Registered in 0.001058 seconds.
Begin MonoManager ReloadAssembly
Native extension for WindowsStandalone target not found
Native extension for OSXStandalone target not found
Refreshing native plugins compatible for Editor in 0.49 ms, found 1 plugins.
Preloading 0 native plugins for Editor in 0.00 ms.
Invoked RoslynAnalysisRunner static constructor.
RoslynAnalysisRunner will not be running.
RoslynAnalysisRunner has terminated.
Mono: successfully reloaded assembly
- Completed reload, in  1.642 seconds
Platform modules already initialized, skipping
Refreshing native plugins compatible for Editor in 0.47 ms, found 1 plugins.
Preloading 0 native plugins for Editor in 0.00 ms.
Unloading 1798 Unused Serialized files (Serialized files now loaded: 0)
System memory in use before: 88.4 MB.
System memory in use after: 88.4 MB.

Unloading 12 unused Assets to reduce memory usage. Loaded Objects now: 2324.
Total: 2.983600 ms (FindLiveObjects: 0.336600 ms CreateObjectMapping: 0.092000 ms MarkObjects: 2.377500 ms  DeleteObjects: 0.175300 ms)

========================================================================
Received Prepare
Registering precompiled user dll's ...
Registered in 0.001040 seconds.
Begin MonoManager ReloadAssembly
Native extension for WindowsStandalone target not found
Native extension for OSXStandalone target not found
Refreshing native plugins compatible for Editor in 0.60 ms, found 1 plugins.
Preloading 0 native plugins for Editor in 0.00 ms.
Invoked RoslynAnalysisRunner static constructor.
RoslynAnalysisRunner will not be running.
RoslynAnalysisRunner has terminated.
Mono: successfully reloaded assembly
- Completed reload, in  1.294 seconds
Platform modules already initialized, skipping
Refreshing native plugins compatible for Editor in 0.47 ms, found 1 plugins.
Preloading 0 native plugins for Editor in 0.00 ms.
Unloading 1798 Unused Serialized files (Serialized files now loaded: 0)
System memory in use before: 88.4 MB.
System memory in use after: 88.4 MB.

Unloading 12 unused Assets to reduce memory usage. Loaded Objects now: 2327.
Total: 3.168900 ms (FindLiveObjects: 0.390400 ms CreateObjectMapping: 0.170900 ms MarkObjects: 2.435200 ms  DeleteObjects: 0.170400 ms)

========================================================================
Received Import Request.
  Time since last request: 322.841487 seconds.
  path: Assets/Prefab/laser_rotation.prefab
  artifactKey: Guid(d7a337dcf956a694f833353398ce8c7b) Importer(815301076,1909f56bfc062723c751e8b465ee728b)
Start importing Assets/Prefab/laser_rotation.prefab using Guid(d7a337dcf956a694f833353398ce8c7b) Importer(815301076,1909f56bfc062723c751e8b465ee728b)  -> (artifact id: '9e37bd101242479780c5ece07c7e952d') in 0.117455 seconds
  Import took 0.136496 seconds .

========================================================================
Received Import Request.
  Time since last request: 17.025001 seconds.
  path: Assets/Prefab/laser_rotation.prefab
  artifactKey: Guid(d7a337dcf956a694f833353398ce8c7b) Importer(815301076,1909f56bfc062723c751e8b465ee728b)
Start importing Assets/Prefab/laser_rotation.prefab using Guid(d7a337dcf956a694f833353398ce8c7b) Importer(815301076,1909f56bfc062723c751e8b465ee728b)  -> (artifact id: '6803ef4f00ef3a29fc4f69565722c1e2') in 0.023362 seconds
  Import took 0.030045 seconds .

========================================================================
Received Prepare
Registering precompiled user dll's ...
Registered in 0.001050 seconds.
Begin MonoManager ReloadAssembly
Native extension for WindowsStandalone target not found
Native extension for OSXStandalone target not found
Refreshing native plugins compatible for Editor in 0.50 ms, found 1 plugins.
Preloading 0 native plugins for Editor in 0.00 ms.
Invoked RoslynAnalysisRunner static constructor.
RoslynAnalysisRunner will not be running.
RoslynAnalysisRunner has terminated.
Mono: successfully reloaded assembly
- Completed reload, in  1.416 seconds
Platform modules already initialized, skipping
Refreshing native plugins compatible for Editor in 0.48 ms, found 1 plugins.
Preloading 0 native plugins for Editor in 0.00 ms.
Unloading 1798 Unused Serialized files (Serialized files now loaded: 0)
System memory in use before: 88.4 MB.
System memory in use after: 88.4 MB.

Unloading 12 unused Assets to reduce memory usage. Loaded Objects now: 2331.
Total: 3.389600 ms (FindLiveObjects: 0.492600 ms CreateObjectMapping: 0.205800 ms MarkObjects: 2.524100 ms  DeleteObjects: 0.165100 ms)

========================================================================
Received Import Request.
  Time since last request: 18.643010 seconds.
  path: Assets/Prefab/laser_rotation.prefab
  artifactKey: Guid(d7a337dcf956a694f833353398ce8c7b) Importer(815301076,1909f56bfc062723c751e8b465ee728b)
Start importing Assets/Prefab/laser_rotation.prefab using Guid(d7a337dcf956a694f833353398ce8c7b) Importer(815301076,1909f56bfc062723c751e8b465ee728b)  -> (artifact id: '6f42ab8ef3403bfbc6ced9eb5a47b1a8') in 0.098850 seconds
  Import took 0.105740 seconds .

========================================================================
Received Import Request.
  Time since last request: 0.032362 seconds.
  path: Assets/Prefab/laser_rotation.prefab
  artifactKey: Guid(d7a337dcf956a694f833353398ce8c7b) Importer(815301076,1909f56bfc062723c751e8b465ee728b)
Start importing Assets/Prefab/laser_rotation.prefab using Guid(d7a337dcf956a694f833353398ce8c7b) Importer(815301076,1909f56bfc062723c751e8b465ee728b)  -> (artifact id: '6f42ab8ef3403bfbc6ced9eb5a47b1a8') in 0.023436 seconds
  Import took 0.030171 seconds .

========================================================================
Received Prepare
Registering precompiled user dll's ...
Registered in 0.001422 seconds.
Begin MonoManager ReloadAssembly
Native extension for WindowsStandalone target not found
Native extension for OSXStandalone target not found
Refreshing native plugins compatible for Editor in 0.48 ms, found 1 plugins.
Preloading 0 native plugins for Editor in 0.00 ms.
Invoked RoslynAnalysisRunner static constructor.
RoslynAnalysisRunner will not be running.
RoslynAnalysisRunner has terminated.
Mono: successfully reloaded assembly
- Completed reload, in  1.249 seconds
Platform modules already initialized, skipping
Refreshing native plugins compatible for Editor in 0.47 ms, found 1 plugins.
Preloading 0 native plugins for Editor in 0.00 ms.
Unloading 1798 Unused Serialized files (Serialized files now loaded: 0)
System memory in use before: 88.4 MB.
System memory in use after: 88.4 MB.

Unloading 12 unused Assets to reduce memory usage. Loaded Objects now: 2335.
Total: 3.411000 ms (FindLiveObjects: 0.417200 ms CreateObjectMapping: 0.199600 ms MarkObjects: 2.588300 ms  DeleteObjects: 0.204000 ms)

========================================================================
Received Import Request.
  Time since last request: 62.858317 seconds.
  path: Assets/Prefab/laser_rotation.prefab
  artifactKey: Guid(d7a337dcf956a694f833353398ce8c7b) Importer(815301076,1909f56bfc062723c751e8b465ee728b)
Start importing Assets/Prefab/laser_rotation.prefab using Guid(d7a337dcf956a694f833353398ce8c7b) Importer(815301076,1909f56bfc062723c751e8b465ee728b)  -> (artifact id: '6db90c0f8df6b6c6743a60a7ed86564e') in 0.108703 seconds
  Import took 0.114136 seconds .

========================================================================
Received Import Request.
  Time since last request: 3.653483 seconds.
  path: Assets/Prefab/laser_rotation.prefab
  artifactKey: Guid(d7a337dcf956a694f833353398ce8c7b) Importer(815301076,1909f56bfc062723c751e8b465ee728b)
Start importing Assets/Prefab/laser_rotation.prefab using Guid(d7a337dcf956a694f833353398ce8c7b) Importer(815301076,1909f56bfc062723c751e8b465ee728b)  -> (artifact id: '899c0d37bc2957ed97cbb1355409d474') in 0.026428 seconds
  Import took 0.033903 seconds .

========================================================================
Received Import Request.
  Time since last request: 0.003529 seconds.
  path: Assets/Prefab/laser_rotation.prefab
  artifactKey: Guid(d7a337dcf956a694f833353398ce8c7b) Importer(815301076,1909f56bfc062723c751e8b465ee728b)
Start importing Assets/Prefab/laser_rotation.prefab using Guid(d7a337dcf956a694f833353398ce8c7b) Importer(815301076,1909f56bfc062723c751e8b465ee728b)  -> (artifact id: '899c0d37bc2957ed97cbb1355409d474') in 0.024623 seconds
  Import took 0.030259 seconds .

========================================================================
Received Import Request.
  Time since last request: 7.610632 seconds.
  path: Assets/Prefab/laser_rotation.prefab
  artifactKey: Guid(d7a337dcf956a694f833353398ce8c7b) Importer(815301076,1909f56bfc062723c751e8b465ee728b)
Start importing Assets/Prefab/laser_rotation.prefab using Guid(d7a337dcf956a694f833353398ce8c7b) Importer(815301076,1909f56bfc062723c751e8b465ee728b)  -> (artifact id: 'bb91b977d8808bd31d6319a61a9de11a') in 0.027333 seconds
  Import took 0.036224 seconds .

========================================================================
Received Prepare
Registering precompiled user dll's ...
Registered in 0.001070 seconds.
Begin MonoManager ReloadAssembly
Native extension for WindowsStandalone target not found
Native extension for OSXStandalone target not found
Refreshing native plugins compatible for Editor in 0.48 ms, found 1 plugins.
Preloading 0 native plugins for Editor in 0.00 ms.
Invoked RoslynAnalysisRunner static constructor.
RoslynAnalysisRunner will not be running.
RoslynAnalysisRunner has terminated.
Mono: successfully reloaded assembly
- Completed reload, in  1.393 seconds
Platform modules already initialized, skipping
Refreshing native plugins compatible for Editor in 0.48 ms, found 1 plugins.
Preloading 0 native plugins for Editor in 0.00 ms.
Unloading 1798 Unused Serialized files (Serialized files now loaded: 0)
System memory in use before: 88.4 MB.
System memory in use after: 88.4 MB.

Unloading 12 unused Assets to reduce memory usage. Loaded Objects now: 2339.
Total: 3.651000 ms (FindLiveObjects: 0.623500 ms CreateObjectMapping: 0.288100 ms MarkObjects: 2.556800 ms  DeleteObjects: 0.180200 ms)

========================================================================
Received Prepare
Registering precompiled user dll's ...
Registered in 0.001140 seconds.
Begin MonoManager ReloadAssembly
Native extension for WindowsStandalone target not found
Native extension for OSXStandalone target not found
Refreshing native plugins compatible for Editor in 0.47 ms, found 1 plugins.
Preloading 0 native plugins for Editor in 0.00 ms.
Invoked RoslynAnalysisRunner static constructor.
RoslynAnalysisRunner will not be running.
RoslynAnalysisRunner has terminated.
Mono: successfully reloaded assembly
- Completed reload, in  1.350 seconds
Platform modules already initialized, skipping
Refreshing native plugins compatible for Editor in 0.60 ms, found 1 plugins.
Preloading 0 native plugins for Editor in 0.00 ms.
Unloading 1798 Unused Serialized files (Serialized files now loaded: 0)
System memory in use before: 88.4 MB.
System memory in use after: 88.4 MB.

Unloading 12 unused Assets to reduce memory usage. Loaded Objects now: 2342.
Total: 3.250500 ms (FindLiveObjects: 0.377700 ms CreateObjectMapping: 0.109600 ms MarkObjects: 2.602900 ms  DeleteObjects: 0.158200 ms)

========================================================================
Received Prepare
Registering precompiled user dll's ...
Registered in 0.001147 seconds.
Begin MonoManager ReloadAssembly
Native extension for WindowsStandalone target not found
Native extension for OSXStandalone target not found
Refreshing native plugins compatible for Editor in 0.52 ms, found 1 plugins.
Preloading 0 native plugins for Editor in 0.00 ms.
Invoked RoslynAnalysisRunner static constructor.
RoslynAnalysisRunner will not be running.
RoslynAnalysisRunner has terminated.
Mono: successfully reloaded assembly
- Completed reload, in  1.422 seconds
Platform modules already initialized, skipping
Refreshing native plugins compatible for Editor in 0.49 ms, found 1 plugins.
Preloading 0 native plugins for Editor in 0.00 ms.
Unloading 1798 Unused Serialized files (Serialized files now loaded: 0)
System memory in use before: 88.4 MB.
System memory in use after: 88.4 MB.

Unloading 12 unused Assets to reduce memory usage. Loaded Objects now: 2345.
Total: 3.390200 ms (FindLiveObjects: 0.371900 ms CreateObjectMapping: 0.181000 ms MarkObjects: 2.654300 ms  DeleteObjects: 0.179800 ms)

========================================================================
Received Prepare
Registering precompiled user dll's ...
Registered in 0.001034 seconds.
Begin MonoManager ReloadAssembly
Native extension for WindowsStandalone target not found
Native extension for OSXStandalone target not found
Refreshing native plugins compatible for Editor in 0.78 ms, found 1 plugins.
Preloading 0 native plugins for Editor in 0.00 ms.
Invoked RoslynAnalysisRunner static constructor.
RoslynAnalysisRunner will not be running.
RoslynAnalysisRunner has terminated.
Mono: successfully reloaded assembly
- Completed reload, in  1.588 seconds
Platform modules already initialized, skipping
Refreshing native plugins compatible for Editor in 0.51 ms, found 1 plugins.
Preloading 0 native plugins for Editor in 0.00 ms.
Unloading 1798 Unused Serialized files (Serialized files now loaded: 0)
System memory in use before: 88.4 MB.
System memory in use after: 88.4 MB.

Unloading 12 unused Assets to reduce memory usage. Loaded Objects now: 2348.
Total: 4.359200 ms (FindLiveObjects: 0.373000 ms CreateObjectMapping: 0.113600 ms MarkObjects: 3.631400 ms  DeleteObjects: 0.238300 ms)

========================================================================
Received Prepare
Registering precompiled user dll's ...
Registered in 0.001043 seconds.
Begin MonoManager ReloadAssembly
Native extension for WindowsStandalone target not found
Native extension for OSXStandalone target not found
Refreshing native plugins compatible for Editor in 0.49 ms, found 1 plugins.
Preloading 0 native plugins for Editor in 0.00 ms.
Invoked RoslynAnalysisRunner static constructor.
RoslynAnalysisRunner will not be running.
RoslynAnalysisRunner has terminated.
Mono: successfully reloaded assembly
- Completed reload, in  1.553 seconds
Platform modules already initialized, skipping
Refreshing native plugins compatible for Editor in 0.46 ms, found 1 plugins.
Preloading 0 native plugins for Editor in 0.00 ms.
Unloading 1798 Unused Serialized files (Serialized files now loaded: 0)
System memory in use before: 88.4 MB.
System memory in use after: 88.4 MB.

Unloading 12 unused Assets to reduce memory usage. Loaded Objects now: 2351.
Total: 4.711300 ms (FindLiveObjects: 0.394500 ms CreateObjectMapping: 0.104500 ms MarkObjects: 3.984900 ms  DeleteObjects: 0.224600 ms)

========================================================================
Received Prepare
Registering precompiled user dll's ...
Registered in 0.001605 seconds.
Begin MonoManager ReloadAssembly
Native extension for WindowsStandalone target not found
Native extension for OSXStandalone target not found
Refreshing native plugins compatible for Editor in 0.47 ms, found 1 plugins.
Preloading 0 native plugins for Editor in 0.00 ms.
Invoked RoslynAnalysisRunner static constructor.
RoslynAnalysisRunner will not be running.
RoslynAnalysisRunner has terminated.
Mono: successfully reloaded assembly
- Completed reload, in  1.314 seconds
Platform modules already initialized, skipping
Refreshing native plugins compatible for Editor in 0.48 ms, found 1 plugins.
Preloading 0 native plugins for Editor in 0.00 ms.
Unloading 1798 Unused Serialized files (Serialized files now loaded: 0)
System memory in use before: 88.5 MB.
System memory in use after: 88.4 MB.

Unloading 12 unused Assets to reduce memory usage. Loaded Objects now: 2354.
Total: 2.762400 ms (FindLiveObjects: 0.271900 ms CreateObjectMapping: 0.089000 ms MarkObjects: 2.218300 ms  DeleteObjects: 0.179000 ms)

AssetImportWorkerClient::OnTransportError - code=2 error=End of file
